[2024-01-16 11:41:15,820: INFO: main: it is working]
[2024-01-16 17:26:46,223: INFO: common: yaml file: config\config.yaml loaded successfully]
[2024-01-16 17:26:46,230: INFO: common: yaml file: params.yaml loaded successfully]
[2024-01-16 17:26:46,231: INFO: common: created directory at: artifacts]
[2024-01-16 17:26:46,233: INFO: common: created directory at: artifacts/ata_ingestion]
[2024-01-16 17:26:46,236: INFO: 2855048597: Downloading data from https://drive.google.com/file/d/1XluWUPWcin71UG0RFpcLzfPcto0p6fcs/view?usp=sharing into file artifacts/data_ingestion/data.zip]
[2024-01-16 17:26:48,319: INFO: 2855048597: Downloaded data from https://drive.google.com/file/d/1XluWUPWcin71UG0RFpcLzfPcto0p6fcs/view?usp=sharing into file artifacts/data_ingestion/data.zip]
[2024-01-16 17:55:52,013: INFO: common: yaml file: config\config.yaml loaded successfully]
[2024-01-16 17:55:52,014: INFO: common: yaml file: params.yaml loaded successfully]
[2024-01-16 17:55:52,016: INFO: common: created directory at: artifacts]
[2024-01-16 17:55:52,017: INFO: common: created directory at: artifacts/data_ingestion]
[2024-01-16 17:55:52,019: INFO: 986331348: Downloading data from https://drive.google.com/file/d/1FBV2k8imBjlgDsppWh9chKyzctJdj8KF/view?usp=sharing into file artifacts/data_ingestion/data.zip]
[2024-01-16 17:55:54,317: INFO: 986331348: Downloaded data from https://drive.google.com/file/d/1FBV2k8imBjlgDsppWh9chKyzctJdj8KF/view?usp=sharing into file artifacts/data_ingestion/data.zip]
[2024-01-17 08:25:20,603: INFO: common: yaml file: config\config.yaml loaded successfully]
[2024-01-17 08:25:20,609: INFO: common: yaml file: params.yaml loaded successfully]
[2024-01-17 08:25:20,612: INFO: common: created directory at: artifacts]
[2024-01-17 08:25:20,616: INFO: common: created directory at: artifacts/data_ingestion]
[2024-01-17 08:25:37,521: INFO: common: yaml file: config\config.yaml loaded successfully]
[2024-01-17 08:25:37,525: INFO: common: yaml file: params.yaml loaded successfully]
[2024-01-17 08:25:37,529: INFO: common: created directory at: artifacts]
[2024-01-17 08:25:37,534: INFO: common: created directory at: artifacts/data_ingestion]
[2024-01-17 08:25:37,537: INFO: 4211455096: Downloading data from https://drive.google.com/file/d/1wmWnb1EPs3sN9Cy1KM28mOuTs1BkbjN2/view?usp=sharing into file artifacts/data_ingestion/data.zip]
[2024-01-17 08:26:22,340: INFO: 4211455096: Downloaded data from https://drive.google.com/file/d/1wmWnb1EPs3sN9Cy1KM28mOuTs1BkbjN2/view?usp=sharing into file artifacts/data_ingestion/data.zip]
[2024-01-17 08:57:37,445: ERROR: main: name 'STAGE_NAME' is not defined]
Traceback (most recent call last):
  File "main.py", line 5, in <module>
    logger.info(f">>>>>> stage {STAGE_NAME} started <<<<<<")
NameError: name 'STAGE_NAME' is not defined
[2024-01-17 09:00:16,572: INFO: main: >>>>>> stage Data Ingestion stage started <<<<<<]
[2024-01-17 09:00:16,574: INFO: common: yaml file: config\config.yaml loaded successfully]
[2024-01-17 09:00:16,575: INFO: common: yaml file: params.yaml loaded successfully]
[2024-01-17 09:00:16,576: INFO: common: created directory at: artifacts]
[2024-01-17 09:00:16,577: INFO: common: created directory at: artifacts/data_ingestion]
[2024-01-17 09:00:16,577: INFO: data_ingestion: Downloading data from https://drive.google.com/file/d/1wmWnb1EPs3sN9Cy1KM28mOuTs1BkbjN2/view?usp=sharing into file artifacts/data_ingestion/data.zip]
[2024-01-17 09:00:50,229: INFO: data_ingestion: Downloaded data from https://drive.google.com/file/d/1wmWnb1EPs3sN9Cy1KM28mOuTs1BkbjN2/view?usp=sharing into file artifacts/data_ingestion/data.zip]
[2024-01-17 09:00:51,212: INFO: main: >>>>>> stage Data Ingestion stage completed <<<<<<

x==========x]
[2024-01-17 09:47:57,526: INFO: common: yaml file: config\config.yaml loaded successfully]
[2024-01-17 09:47:57,538: INFO: common: yaml file: params.yaml loaded successfully]
[2024-01-17 09:47:57,540: INFO: common: created directory at: artifacts]
[2024-01-17 09:47:57,541: INFO: common: created directory at: artifacts/prepare_base_model]
[2024-01-17 09:48:30,778: WARNING: saving_utils: Compiled the loaded model, but the compiled metrics have yet to be built. `model.compile_metrics` will be empty until you train or evaluate the model.]
[2024-01-17 10:09:20,898: INFO: main: >>>>>> stage Data Ingestion stage started <<<<<<]
[2024-01-17 10:09:20,901: INFO: common: yaml file: config\config.yaml loaded successfully]
[2024-01-17 10:09:20,903: INFO: common: yaml file: params.yaml loaded successfully]
[2024-01-17 10:09:20,903: INFO: common: created directory at: artifacts]
[2024-01-17 10:09:20,904: INFO: common: created directory at: artifacts/data_ingestion]
[2024-01-17 10:09:20,904: INFO: data_ingestion: Downloading data from https://drive.google.com/file/d/1wmWnb1EPs3sN9Cy1KM28mOuTs1BkbjN2/view?usp=sharing into file artifacts/data_ingestion/data.zip]
[2024-01-17 10:09:58,138: INFO: data_ingestion: Downloaded data from https://drive.google.com/file/d/1wmWnb1EPs3sN9Cy1KM28mOuTs1BkbjN2/view?usp=sharing into file artifacts/data_ingestion/data.zip]
[2024-01-17 10:09:58,674: INFO: main: >>>>>> stage Data Ingestion stage completed <<<<<<

x==========x]
[2024-01-17 10:09:58,674: INFO: main: *******************]
[2024-01-17 10:09:58,675: INFO: main: >>>>>> stage Prepare base model started <<<<<<]
[2024-01-17 10:09:58,678: INFO: common: yaml file: config\config.yaml loaded successfully]
[2024-01-17 10:09:58,680: INFO: common: yaml file: params.yaml loaded successfully]
[2024-01-17 10:09:58,681: INFO: common: created directory at: artifacts]
[2024-01-17 10:09:58,682: INFO: common: created directory at: artifacts/prepare_base_model]
[2024-01-17 10:09:59,261: WARNING: saving_utils: Compiled the loaded model, but the compiled metrics have yet to be built. `model.compile_metrics` will be empty until you train or evaluate the model.]
[2024-01-17 10:09:59,496: INFO: main: >>>>>> stage Prepare base model completed <<<<<<

x==========x]
[2024-01-17 10:27:32,762: INFO: common: yaml file: config\config.yaml loaded successfully]
[2024-01-17 10:27:32,765: INFO: common: yaml file: params.yaml loaded successfully]
[2024-01-17 10:27:32,767: INFO: common: created directory at: artifacts]
[2024-01-17 10:27:32,768: INFO: common: created directory at: artifacts\training]
[2024-01-17 11:03:02,348: INFO: main: >>>>>> stage Data Ingestion stage started <<<<<<]
[2024-01-17 11:03:02,366: INFO: common: yaml file: config\config.yaml loaded successfully]
[2024-01-17 11:03:02,371: INFO: common: yaml file: params.yaml loaded successfully]
[2024-01-17 11:03:02,372: INFO: common: created directory at: artifacts]
[2024-01-17 11:03:02,374: INFO: common: created directory at: artifacts/data_ingestion]
[2024-01-17 11:03:02,375: INFO: data_ingestion: Downloading data from https://drive.google.com/file/d/1wmWnb1EPs3sN9Cy1KM28mOuTs1BkbjN2/view?usp=sharing into file artifacts/data_ingestion/data.zip]
[2024-01-17 11:03:46,138: INFO: data_ingestion: Downloaded data from https://drive.google.com/file/d/1wmWnb1EPs3sN9Cy1KM28mOuTs1BkbjN2/view?usp=sharing into file artifacts/data_ingestion/data.zip]
[2024-01-17 11:03:47,559: INFO: main: >>>>>> stage Data Ingestion stage completed <<<<<<

x==========x]
[2024-01-17 11:03:47,560: INFO: main: *******************]
[2024-01-17 11:03:47,560: INFO: main: >>>>>> stage Prepare base model started <<<<<<]
[2024-01-17 11:03:47,564: INFO: common: yaml file: config\config.yaml loaded successfully]
[2024-01-17 11:03:47,569: INFO: common: yaml file: params.yaml loaded successfully]
[2024-01-17 11:03:47,571: INFO: common: created directory at: artifacts]
[2024-01-17 11:03:47,575: INFO: common: created directory at: artifacts/prepare_base_model]
[2024-01-17 11:03:48,578: WARNING: saving_utils: Compiled the loaded model, but the compiled metrics have yet to be built. `model.compile_metrics` will be empty until you train or evaluate the model.]
[2024-01-17 11:03:49,130: INFO: main: >>>>>> stage Prepare base model completed <<<<<<

x==========x]
[2024-01-17 11:03:49,131: INFO: main: *******************]
[2024-01-17 11:03:49,132: INFO: main: >>>>>> stage Training started <<<<<<]
[2024-01-17 11:03:49,143: INFO: common: yaml file: config\config.yaml loaded successfully]
[2024-01-17 11:03:49,149: INFO: common: yaml file: params.yaml loaded successfully]
[2024-01-17 11:03:49,150: INFO: common: created directory at: artifacts]
[2024-01-17 11:03:49,152: INFO: common: created directory at: artifacts\training]
[2024-01-17 11:05:57,613: INFO: main: >>>>>> stage Training completed <<<<<<

x==========x]
[2024-01-17 19:21:24,848: INFO: common: yaml file: config\config.yaml loaded successfully]
[2024-01-17 19:21:24,852: INFO: common: yaml file: params.yaml loaded successfully]
[2024-01-17 19:21:24,854: INFO: common: created directory at: artifacts]
[2024-01-17 19:21:45,181: INFO: common: json file saved at: scores.json]
[2024-01-17 19:21:49,297: WARNING: save: Found untraced functions such as _jit_compiled_convolution_op, _jit_compiled_convolution_op, _jit_compiled_convolution_op, _jit_compiled_convolution_op, _jit_compiled_convolution_op while saving (showing 5 of 14). These functions will not be directly callable after loading.]
[2024-01-17 19:21:49,917: INFO: builder_impl: Assets written to: C:\Users\Dell\AppData\Local\Temp\tmph5rpampr\model\data\model\assets]
[2024-01-17 22:50:43,249: INFO: main: >>>>>> stage Data Ingestion stage started <<<<<<]
[2024-01-17 22:50:43,252: INFO: common: yaml file: config\config.yaml loaded successfully]
[2024-01-17 22:50:43,253: INFO: common: yaml file: params.yaml loaded successfully]
[2024-01-17 22:50:43,254: INFO: common: created directory at: artifacts]
[2024-01-17 22:50:43,255: INFO: common: created directory at: artifacts/data_ingestion]
[2024-01-17 22:50:43,255: INFO: data_ingestion: Downloading data from https://drive.google.com/file/d/1wmWnb1EPs3sN9Cy1KM28mOuTs1BkbjN2/view?usp=sharing into file artifacts/data_ingestion/data.zip]
[2024-01-17 22:51:17,128: INFO: data_ingestion: Downloaded data from https://drive.google.com/file/d/1wmWnb1EPs3sN9Cy1KM28mOuTs1BkbjN2/view?usp=sharing into file artifacts/data_ingestion/data.zip]
[2024-01-17 22:51:18,888: INFO: main: >>>>>> stage Data Ingestion stage completed <<<<<<

x==========x]
[2024-01-17 22:51:18,890: INFO: main: *******************]
[2024-01-17 22:51:18,890: INFO: main: >>>>>> stage Prepare base model started <<<<<<]
[2024-01-17 22:51:18,904: INFO: common: yaml file: config\config.yaml loaded successfully]
[2024-01-17 22:51:18,911: INFO: common: yaml file: params.yaml loaded successfully]
[2024-01-17 22:51:18,912: INFO: common: created directory at: artifacts]
[2024-01-17 22:51:18,913: INFO: common: created directory at: artifacts/prepare_base_model]
[2024-01-17 22:51:19,949: WARNING: saving_utils: Compiled the loaded model, but the compiled metrics have yet to be built. `model.compile_metrics` will be empty until you train or evaluate the model.]
[2024-01-17 22:51:20,506: INFO: main: >>>>>> stage Prepare base model completed <<<<<<

x==========x]
[2024-01-17 22:51:20,507: INFO: main: *******************]
[2024-01-17 22:51:20,507: INFO: main: >>>>>> stage Training started <<<<<<]
[2024-01-17 22:51:20,519: INFO: common: yaml file: config\config.yaml loaded successfully]
[2024-01-17 22:51:20,527: INFO: common: yaml file: params.yaml loaded successfully]
[2024-01-17 22:51:20,529: INFO: common: created directory at: artifacts]
[2024-01-17 22:51:20,531: INFO: common: created directory at: artifacts\training]
[2024-01-17 22:53:20,428: INFO: main: >>>>>> stage Training completed <<<<<<

x==========x]
[2024-01-17 22:53:20,429: INFO: main: *******************]
[2024-01-17 22:53:20,429: INFO: main: >>>>>> stage Evaluation stage started <<<<<<]
[2024-01-17 22:53:20,433: INFO: common: yaml file: config\config.yaml loaded successfully]
[2024-01-17 22:53:20,436: INFO: common: yaml file: params.yaml loaded successfully]
[2024-01-17 22:53:20,437: INFO: common: created directory at: artifacts]
[2024-01-17 22:53:53,381: INFO: common: json file saved at: scores.json]
[2024-01-17 22:53:53,382: INFO: common: json file saved at: scores.json]
[2024-01-17 22:53:53,382: INFO: main: >>>>>> stage Evaluation stage completed <<<<<<

x==========x]
[2024-01-18 08:47:19,236: INFO: stage_01_data_ingestion: >>>>>> stage Data Ingestion stage started <<<<<<]
[2024-01-18 08:47:19,238: INFO: common: yaml file: config\config.yaml loaded successfully]
[2024-01-18 08:47:19,239: INFO: common: yaml file: params.yaml loaded successfully]
[2024-01-18 08:47:19,240: INFO: common: created directory at: artifacts]
[2024-01-18 08:47:19,241: INFO: common: created directory at: artifacts/data_ingestion]
[2024-01-18 08:47:19,241: INFO: data_ingestion: Downloading data from https://drive.google.com/file/d/1wmWnb1EPs3sN9Cy1KM28mOuTs1BkbjN2/view?usp=sharing into file artifacts/data_ingestion/data.zip]
[2024-01-18 08:47:51,109: INFO: data_ingestion: Downloaded data from https://drive.google.com/file/d/1wmWnb1EPs3sN9Cy1KM28mOuTs1BkbjN2/view?usp=sharing into file artifacts/data_ingestion/data.zip]
[2024-01-18 08:47:52,064: INFO: stage_01_data_ingestion: >>>>>> stage Data Ingestion stage completed <<<<<<

x==========x]
[2024-01-18 08:48:14,871: INFO: stage_02_prepare_base_model: *******************]
[2024-01-18 08:48:14,871: INFO: stage_02_prepare_base_model: >>>>>> stage Prepare base model started <<<<<<]
[2024-01-18 08:48:14,876: INFO: common: yaml file: config\config.yaml loaded successfully]
[2024-01-18 08:48:14,879: INFO: common: yaml file: params.yaml loaded successfully]
[2024-01-18 08:48:14,881: INFO: common: created directory at: artifacts]
[2024-01-18 08:48:14,882: INFO: common: created directory at: artifacts/prepare_base_model]
[2024-01-18 08:48:15,567: WARNING: saving_utils: Compiled the loaded model, but the compiled metrics have yet to be built. `model.compile_metrics` will be empty until you train or evaluate the model.]
[2024-01-18 08:48:15,862: INFO: stage_02_prepare_base_model: >>>>>> stage Prepare base model completed <<<<<<

x==========x]
[2024-01-18 08:53:03,813: INFO: stage_03_model_training: *******************]
[2024-01-18 08:53:03,814: INFO: stage_03_model_training: >>>>>> stage Training started <<<<<<]
[2024-01-18 08:53:03,816: INFO: common: yaml file: config\config.yaml loaded successfully]
[2024-01-18 08:53:03,817: INFO: common: yaml file: params.yaml loaded successfully]
[2024-01-18 08:53:03,818: INFO: common: created directory at: artifacts]
[2024-01-18 08:53:03,818: INFO: common: created directory at: artifacts\training]
[2024-01-18 08:54:10,601: INFO: stage_03_model_training: >>>>>> stage Training completed <<<<<<

x==========x]
[2024-01-18 11:06:27,461: INFO: stage_04_model_evaluation: *******************]
[2024-01-18 11:06:27,462: INFO: stage_04_model_evaluation: >>>>>> stage Evaluation stage started <<<<<<]
[2024-01-18 11:06:27,465: INFO: common: yaml file: config\config.yaml loaded successfully]
[2024-01-18 11:06:27,467: INFO: common: yaml file: params.yaml loaded successfully]
[2024-01-18 11:06:27,468: INFO: common: created directory at: artifacts]
[2024-01-18 11:07:03,367: INFO: common: json file saved at: scores.json]
[2024-01-18 11:07:03,368: INFO: common: json file saved at: scores.json]
[2024-01-18 11:07:03,368: INFO: stage_04_model_evaluation: >>>>>> stage Evaluation stage completed <<<<<<

x==========x]
